<?xml version="1.0" encoding="UTF-8"?>
<!-- Generated by org.testng.reporters.JUnitReportReporter -->
<testsuite skipped="0" hostname="sourceandroid" name="com.qa.tests.LoginTest" tests="1" failures="0" timestamp="08 Aug 2019 15:22:25 GMT" time="24.662" errors="0">
  <testcase name="verifyLoginCridential" time="24.662" classname="com.qa.tests.LoginTest"/>
</testsuite> <!-- com.qa.tests.LoginTest -->
